<?xml version="1.0" encoding="UTF-8"?>
<!-- Generated by org.testng.reporters.JUnitReportReporter -->
<testsuite hostname="DESKTOP-7ARKDEF" failures="0" tests="2" name="test.day3" time="0.003" errors="0" timestamp="2020-11-29T18:26:48 EST" skipped="0">
  <testcase classname="test.day3" name="sixthTest" time="0.002"/>
  <system-out/>
  <testcase classname="test.day3" name="fifthTest" time="0.001"/>
  <system-out/>
</testsuite> <!-- test.day3 -->
