<?xml version="1.0" encoding="UTF-8"?>
<!-- Generated by org.testng.reporters.JUnitReportReporter -->
<testsuite hostname="DESKTOP-7ARKDEF" failures="0" tests="2" name="test.day2" time="0.008" errors="0" timestamp="2020-11-29T18:26:48 EST" skipped="0">
  <testcase classname="test.day2" name="thirdTest" time="0.005"/>
  <system-out/>
  <testcase classname="test.day2" name="fourthTest" time="0.003"/>
  <system-out/>
</testsuite> <!-- test.day2 -->
