<?xml version="1.0" encoding="UTF-8"?>
<!-- Generated by org.testng.reporters.JUnitReportReporter -->
<testsuite hostname="DESKTOP-7ARKDEF" failures="0" tests="1" name="test" time="0.019" errors="0" timestamp="2020-07-03T14:06:08 EDT" skipped="0">
  <testcase classname="test" name="day1" time="0.019"/>
  <system-out/>
</testsuite> <!-- test -->
